<?xml version="1.0" encoding="UTF-8"?>
<!-- Generated by org.testng.reporters.JUnitReportReporter -->
<testsuite hostname="LAP-206-M582" name="com.spire.candidateNotes.CandidateNotesTestPlan" tests="8" failures="0" timestamp="10 Aug 2016 04:46:22 GMT" time="1.141" errors="0">
  <testcase name="verifycandidatenoteslistRequest" time="0.063" classname="com.spire.candidateNotes.CandidateNotesTestPlan"/>
  <testcase name="verifycandidatenotelistwithoutentityidRequest" time="0.050" classname="com.spire.candidateNotes.CandidateNotesTestPlan"/>
  <testcase name="verifycandidatenotelistwithoutanyparameterRequest" time="0.835" classname="com.spire.candidateNotes.CandidateNotesTestPlan"/>
  <testcase name="verifycandidatenotesearchwithoutentityidRequest" time="0.031" classname="com.spire.candidateNotes.CandidateNotesTestPlan"/>
  <testcase name="verifycandidatenotessearchRequest" time="0.042" classname="com.spire.candidateNotes.CandidateNotesTestPlan"/>
  <testcase name="verifycandidatenotesearchwithoutanyparameterRequest" time="0.032" classname="com.spire.candidateNotes.CandidateNotesTestPlan"/>
  <testcase name="verifycandidatenotelistwithoutintervalRequest" time="0.041" classname="com.spire.candidateNotes.CandidateNotesTestPlan"/>
  <testcase name="verifycandidatenotesearchwithoutsearchtextRequest" time="0.047" classname="com.spire.candidateNotes.CandidateNotesTestPlan"/>
</testsuite> <!-- com.spire.candidateNotes.CandidateNotesTestPlan -->
