<?xml version="1.0" encoding="UTF-8"?>
<!-- Generated by org.testng.reporters.JUnitReportReporter -->
<testsuite hostname="LAP-133-HF32" name="com.spire.candidateResources.CandidateResourcesTestPlan" tests="1" failures="0" timestamp="10 Aug 2016 05:23:17 GMT" time="2.049" errors="0">
  <testcase name="verifyFetchCandidatesRequest" time="2.049" classname="com.spire.candidateResources.CandidateResourcesTestPlan"/>
</testsuite> <!-- com.spire.candidateResources.CandidateResourcesTestPlan -->
