<?xml version="1.0" encoding="UTF-8"?>
<!-- Generated by org.testng.reporters.JUnitReportReporter -->
<testsuite hostname="LAP-133-HF32" name="com.spire.lookUpResources.LookUpResourcesTestPlan" tests="1" failures="0" timestamp="10 Aug 2016 05:23:56 GMT" time="1.029" errors="0">
  <testcase name="verifyLookupservices" time="1.029" classname="com.spire.lookUpResources.LookUpResourcesTestPlan"/>
</testsuite> <!-- com.spire.lookUpResources.LookUpResourcesTestPlan -->
